<?xml version="1.0" encoding="UTF-8"?>
<!-- Generated by org.testng.reporters.JUnitReportReporter -->
<testsuite hostname="DESKTOP-332RHEK" failures="0" tests="4" name="swaglap.TestSwagLap" time="0.808" errors="0" timestamp="2024-02-26T16:26:58 GST" skipped="2">
  <testcase classname="swaglap.TestSwagLap" name="MyFirstSetUp" time="0.411"/>
  <system-out/>
  <testcase classname="swaglap.TestSwagLap" name="AddAllItemsToCart" time="0.397"/>
  <system-out/>
  <testcase classname="swaglap.TestSwagLap" name="PrintTheFirstItem">
    <skipped/>
  </testcase> <!-- PrintTheFirstItem -->
  <system-out/>
  <testcase classname="swaglap.TestSwagLap" name="PrintTheAllItems">
    <skipped/>
  </testcase> <!-- PrintTheAllItems -->
  <system-out/>
</testsuite> <!-- swaglap.TestSwagLap -->
